Using pre-set license
Built from '2021.1/staging' branch; Version is '2021.1.7f1 (d91830b65d9b) revision 14227504'; Using compiler version '192528614'; Build Type 'Release'
OS: 'Windows 10 Pro; OS build 19043.1586; Version 2009; 64bit' Language: 'fr' Physical Memory: 16339 MB
BatchMode: 1, IsHumanControllingUs: 0, StartBugReporterOnCrash: 0, Is64bit: 1, IsPro: 0

 COMMAND LINE ARGUMENTS:
C:\Program Files\Unity\2021.1.7f1\Editor\Unity.exe
-adb2
-batchMode
-noUpm
-name
AssetImportWorker0
-projectPath
E:/Unity Projects/HexGridTuto
-logFile
Logs/AssetImportWorker0.log
-srvPort
64909
Successfully changed project path to: E:/Unity Projects/HexGridTuto
E:/Unity Projects/HexGridTuto
Using Asset Import Pipeline V2.
Refreshing native plugins compatible for Editor in 102.87 ms, found 2 plugins.
Preloading 0 native plugins for Editor in 0.00 ms.
Initialize engine version: 2021.1.7f1 (d91830b65d9b)
[Subsystems] Discovering subsystems at path C:/Program Files/Unity/2021.1.7f1/Editor/Data/Resources/UnitySubsystems
[Subsystems] Discovering subsystems at path E:/Unity Projects/HexGridTuto/Assets
GfxDevice: creating device client; threaded=0; jobified=0
Direct3D:
    Version:  Direct3D 11.0 [level 11.1]
    Renderer: NVIDIA GeForce GTX 1060 6GB (ID=0x1c03)
    Vendor:   NVIDIA
    VRAM:     6052 MB
    Driver:   30.0.14.7212
Initialize mono
Mono path[0] = 'C:/Program Files/Unity/2021.1.7f1/Editor/Data/Managed'
Mono path[1] = 'C:/Program Files/Unity/2021.1.7f1/Editor/Data/MonoBleedingEdge/lib/mono/unityjit'
Mono config path = 'C:/Program Files/Unity/2021.1.7f1/Editor/Data/MonoBleedingEdge/etc'
Using monoOptions --debugger-agent=transport=dt_socket,embedding=1,server=y,suspend=n,address=127.0.0.1:56608
Begin MonoManager ReloadAssembly
Registering precompiled unity dll's ...
Register platform support module: C:/Program Files/Unity/2021.1.7f1/Editor/Data/PlaybackEngines/WindowsStandaloneSupport/UnityEditor.WindowsStandalone.Extensions.dll
Registered in 0.002202 seconds.
Native extension for WindowsStandalone target not found
Refreshing native plugins compatible for Editor in 105.87 ms, found 2 plugins.
Preloading 0 native plugins for Editor in 0.00 ms.
Mono: successfully reloaded assembly
- Completed reload, in  1.372 seconds
Platform modules already initialized, skipping
Registering precompiled user dll's ...
Registered in 0.002849 seconds.
Begin MonoManager ReloadAssembly
Symbol file LoadedFromMemory doesn't match image E:\Unity Projects\HexGridTuto\Library\PackageCache\com.unity.visualscripting@1.6.1\Editor\VisualScripting.Core\Dependencies\YamlDotNet\Unity.VisualScripting.YamlDotNet.dll
Symbol file LoadedFromMemory doesn't match image E:\Unity Projects\HexGridTuto\Library\PackageCache\com.unity.visualscripting@1.6.1\Editor\VisualScripting.Core\Dependencies\DotNetZip\Unity.VisualScripting.IonicZip.dll
Native extension for WindowsStandalone target not found
Refreshing native plugins compatible for Editor in 104.51 ms, found 2 plugins.
Preloading 0 native plugins for Editor in 0.00 ms.
Mono: successfully reloaded assembly
- Completed reload, in  1.841 seconds
Platform modules already initialized, skipping
========================================================================
Worker process is ready to serve import requests
Launched and connected shader compiler UnityShaderCompiler.exe after 0.06 seconds
Refreshing native plugins compatible for Editor in 0.84 ms, found 2 plugins.
Preloading 0 native plugins for Editor in 0.00 ms.
Unloading 3417 Unused Serialized files (Serialized files now loaded: 0)
System memory in use before: 129.9 MB.
System memory in use after: 130.0 MB.

Unloading 28 unused Assets to reduce memory usage. Loaded Objects now: 3873.
Total: 3.319900 ms (FindLiveObjects: 0.438200 ms CreateObjectMapping: 0.298100 ms MarkObjects: 2.436700 ms  DeleteObjects: 0.145600 ms)

========================================================================
Received Import Request.
  path: Assets/Scripts/Unused
  artifactKey: Guid(7abafc30c08686546bf7ab1bcb342c65) Importer(815301076,1909f56bfc062723c751e8b465ee728b)
Start importing Assets/Scripts/Unused using Guid(7abafc30c08686546bf7ab1bcb342c65) Importer(815301076,1909f56bfc062723c751e8b465ee728b)  -> (artifact id: 'ee240e9ab4d71ef6ed8d96aeff0e51c7') in 0.006728 seconds 
========================================================================
Received Prepare
Registering precompiled user dll's ...
Registered in 0.002142 seconds.
Begin MonoManager ReloadAssembly
Symbol file LoadedFromMemory doesn't match image E:\Unity Projects\HexGridTuto\Library\PackageCache\com.unity.visualscripting@1.6.1\Editor\VisualScripting.Core\Dependencies\YamlDotNet\Unity.VisualScripting.YamlDotNet.dll
Symbol file LoadedFromMemory doesn't match image E:\Unity Projects\HexGridTuto\Library\PackageCache\com.unity.visualscripting@1.6.1\Editor\VisualScripting.Core\Dependencies\DotNetZip\Unity.VisualScripting.IonicZip.dll
Native extension for WindowsStandalone target not found
Refreshing native plugins compatible for Editor in 0.85 ms, found 2 plugins.
Preloading 0 native plugins for Editor in 0.00 ms.
Mono: successfully reloaded assembly
- Completed reload, in  0.917 seconds
Platform modules already initialized, skipping
Refreshing native plugins compatible for Editor in 1.04 ms, found 2 plugins.
Preloading 0 native plugins for Editor in 0.00 ms.
Unloading 3411 Unused Serialized files (Serialized files now loaded: 0)
System memory in use before: 129.8 MB.
System memory in use after: 129.9 MB.

Unloading 16 unused Assets to reduce memory usage. Loaded Objects now: 3877.
Total: 7.034400 ms (FindLiveObjects: 0.253100 ms CreateObjectMapping: 0.178700 ms MarkObjects: 6.468900 ms  DeleteObjects: 0.132500 ms)

========================================================================
Received Prepare
Registering precompiled user dll's ...
Registered in 0.002221 seconds.
Begin MonoManager ReloadAssembly
Symbol file LoadedFromMemory doesn't match image E:\Unity Projects\HexGridTuto\Library\PackageCache\com.unity.visualscripting@1.6.1\Editor\VisualScripting.Core\Dependencies\YamlDotNet\Unity.VisualScripting.YamlDotNet.dll
Symbol file LoadedFromMemory doesn't match image E:\Unity Projects\HexGridTuto\Library\PackageCache\com.unity.visualscripting@1.6.1\Editor\VisualScripting.Core\Dependencies\DotNetZip\Unity.VisualScripting.IonicZip.dll
Native extension for WindowsStandalone target not found
Refreshing native plugins compatible for Editor in 0.60 ms, found 2 plugins.
Preloading 0 native plugins for Editor in 0.00 ms.
Mono: successfully reloaded assembly
- Completed reload, in  0.938 seconds
Platform modules already initialized, skipping
Refreshing native plugins compatible for Editor in 0.72 ms, found 2 plugins.
Preloading 0 native plugins for Editor in 0.00 ms.
Unloading 3411 Unused Serialized files (Serialized files now loaded: 0)
System memory in use before: 129.9 MB.
System memory in use after: 130.0 MB.

Unloading 16 unused Assets to reduce memory usage. Loaded Objects now: 3881.
Total: 3.382600 ms (FindLiveObjects: 0.280700 ms CreateObjectMapping: 0.213200 ms MarkObjects: 2.790400 ms  DeleteObjects: 0.096700 ms)

========================================================================
Received Prepare
Registering precompiled user dll's ...
Registered in 0.002209 seconds.
Begin MonoManager ReloadAssembly
Symbol file LoadedFromMemory doesn't match image E:\Unity Projects\HexGridTuto\Library\PackageCache\com.unity.visualscripting@1.6.1\Editor\VisualScripting.Core\Dependencies\YamlDotNet\Unity.VisualScripting.YamlDotNet.dll
Symbol file LoadedFromMemory doesn't match image E:\Unity Projects\HexGridTuto\Library\PackageCache\com.unity.visualscripting@1.6.1\Editor\VisualScripting.Core\Dependencies\DotNetZip\Unity.VisualScripting.IonicZip.dll
Native extension for WindowsStandalone target not found
Refreshing native plugins compatible for Editor in 0.60 ms, found 2 plugins.
Preloading 0 native plugins for Editor in 0.00 ms.
Mono: successfully reloaded assembly
- Completed reload, in  1.209 seconds
Platform modules already initialized, skipping
Refreshing native plugins compatible for Editor in 0.61 ms, found 2 plugins.
Preloading 0 native plugins for Editor in 0.00 ms.
Unloading 3409 Unused Serialized files (Serialized files now loaded: 0)
System memory in use before: 129.9 MB.
System memory in use after: 130.0 MB.

Unloading 18 unused Assets to reduce memory usage. Loaded Objects now: 3883.
Total: 3.746600 ms (FindLiveObjects: 0.455200 ms CreateObjectMapping: 0.258900 ms MarkObjects: 2.936000 ms  DeleteObjects: 0.095300 ms)

========================================================================
Received Prepare
Registering precompiled user dll's ...
Registered in 0.002120 seconds.
Begin MonoManager ReloadAssembly
Symbol file LoadedFromMemory doesn't match image E:\Unity Projects\HexGridTuto\Library\PackageCache\com.unity.visualscripting@1.6.1\Editor\VisualScripting.Core\Dependencies\YamlDotNet\Unity.VisualScripting.YamlDotNet.dll
Symbol file LoadedFromMemory doesn't match image E:\Unity Projects\HexGridTuto\Library\PackageCache\com.unity.visualscripting@1.6.1\Editor\VisualScripting.Core\Dependencies\DotNetZip\Unity.VisualScripting.IonicZip.dll
Native extension for WindowsStandalone target not found
Refreshing native plugins compatible for Editor in 0.59 ms, found 2 plugins.
Preloading 0 native plugins for Editor in 0.00 ms.
Mono: successfully reloaded assembly
- Completed reload, in  1.038 seconds
Platform modules already initialized, skipping
Refreshing native plugins compatible for Editor in 2.91 ms, found 2 plugins.
Preloading 0 native plugins for Editor in 0.00 ms.
Unloading 3408 Unused Serialized files (Serialized files now loaded: 0)
System memory in use before: 129.9 MB.
System memory in use after: 130.0 MB.

Unloading 17 unused Assets to reduce memory usage. Loaded Objects now: 3886.
Total: 3.350600 ms (FindLiveObjects: 0.330200 ms CreateObjectMapping: 0.206500 ms MarkObjects: 2.711900 ms  DeleteObjects: 0.100300 ms)

========================================================================
Received Import Request.
  Time since last request: 51.567160 seconds.
  path: Assets/Scripts/PlayerMovement.asset
  artifactKey: Guid(278e058237bf9e946b73f4b7df976364) Importer(815301076,1909f56bfc062723c751e8b465ee728b)
Start importing Assets/Scripts/PlayerMovement.asset using Guid(278e058237bf9e946b73f4b7df976364) Importer(815301076,1909f56bfc062723c751e8b465ee728b)  -> (artifact id: '59c76c1e4f17604777eda8abdf9cd1ad') in 0.671661 seconds 
========================================================================
Received Prepare
Registering precompiled user dll's ...
Registered in 0.002598 seconds.
Begin MonoManager ReloadAssembly
Symbol file LoadedFromMemory doesn't match image E:\Unity Projects\HexGridTuto\Library\PackageCache\com.unity.visualscripting@1.6.1\Editor\VisualScripting.Core\Dependencies\YamlDotNet\Unity.VisualScripting.YamlDotNet.dll
Symbol file LoadedFromMemory doesn't match image E:\Unity Projects\HexGridTuto\Library\PackageCache\com.unity.visualscripting@1.6.1\Editor\VisualScripting.Core\Dependencies\DotNetZip\Unity.VisualScripting.IonicZip.dll
Native extension for WindowsStandalone target not found
Refreshing native plugins compatible for Editor in 0.59 ms, found 2 plugins.
Preloading 0 native plugins for Editor in 0.00 ms.
Mono: successfully reloaded assembly
- Completed reload, in  0.876 seconds
Platform modules already initialized, skipping
Refreshing native plugins compatible for Editor in 0.59 ms, found 2 plugins.
Preloading 0 native plugins for Editor in 0.00 ms.
Unloading 3408 Unused Serialized files (Serialized files now loaded: 0)
System memory in use before: 129.9 MB.
System memory in use after: 130.0 MB.

Unloading 16 unused Assets to reduce memory usage. Loaded Objects now: 3890.
Total: 2.421600 ms (FindLiveObjects: 0.248100 ms CreateObjectMapping: 0.174300 ms MarkObjects: 1.910100 ms  DeleteObjects: 0.088000 ms)

========================================================================
Received Prepare
Registering precompiled user dll's ...
Registered in 0.003735 seconds.
Begin MonoManager ReloadAssembly
Symbol file LoadedFromMemory doesn't match image E:\Unity Projects\HexGridTuto\Library\PackageCache\com.unity.visualscripting@1.6.1\Editor\VisualScripting.Core\Dependencies\YamlDotNet\Unity.VisualScripting.YamlDotNet.dll
Symbol file LoadedFromMemory doesn't match image E:\Unity Projects\HexGridTuto\Library\PackageCache\com.unity.visualscripting@1.6.1\Editor\VisualScripting.Core\Dependencies\DotNetZip\Unity.VisualScripting.IonicZip.dll
Native extension for WindowsStandalone target not found
Refreshing native plugins compatible for Editor in 0.65 ms, found 2 plugins.
Preloading 0 native plugins for Editor in 0.00 ms.
Mono: successfully reloaded assembly
- Completed reload, in  0.883 seconds
Platform modules already initialized, skipping
Refreshing native plugins compatible for Editor in 0.65 ms, found 2 plugins.
Preloading 0 native plugins for Editor in 0.00 ms.
Unloading 3618 Unused Serialized files (Serialized files now loaded: 0)
System memory in use before: 137.5 MB.
System memory in use after: 137.1 MB.

Unloading 24 unused Assets to reduce memory usage. Loaded Objects now: 4096.
Total: 2.771000 ms (FindLiveObjects: 0.342400 ms CreateObjectMapping: 0.239400 ms MarkObjects: 1.952700 ms  DeleteObjects: 0.235400 ms)

========================================================================
Received Import Request.
  Time since last request: 1120.166091 seconds.
  path: Assets/AstarPathfindingProject
  artifactKey: Guid(56d3f774ab8bc184bb9d5deaa5fd9076) Importer(815301076,1909f56bfc062723c751e8b465ee728b)
Start importing Assets/AstarPathfindingProject using Guid(56d3f774ab8bc184bb9d5deaa5fd9076) Importer(815301076,1909f56bfc062723c751e8b465ee728b)  -> (artifact id: '3a7cbaecd1b8ef7a7d3df6553f30c90b') in 0.005630 seconds 
========================================================================
Received Import Request.
  Time since last request: 4.169008 seconds.
  path: Assets/AstarPathfindingProject/Behaviors
  artifactKey: Guid(5eeb3c5df5ca840d3ae6b93e6b207d74) Importer(815301076,1909f56bfc062723c751e8b465ee728b)
Start importing Assets/AstarPathfindingProject/Behaviors using Guid(5eeb3c5df5ca840d3ae6b93e6b207d74) Importer(815301076,1909f56bfc062723c751e8b465ee728b)  -> (artifact id: '9034c61ed9d4ce39caff7c4e9f2edb3a') in 0.002451 seconds 
========================================================================
Received Import Request.
  Time since last request: 5.896190 seconds.
  path: Assets/AstarPathfindingProject/Core/AstarPath.cs
  artifactKey: Guid(78396926cbbfc4ac3b48fc5fc34a87d1) Importer(815301076,1909f56bfc062723c751e8b465ee728b)
Start importing Assets/AstarPathfindingProject/Core/AstarPath.cs using Guid(78396926cbbfc4ac3b48fc5fc34a87d1) Importer(815301076,1909f56bfc062723c751e8b465ee728b)  -> (artifact id: 'ab45e463d4c94877db313fe4bf531033') in 0.003172 seconds 
========================================================================
Received Import Request.
  Time since last request: 39.685117 seconds.
  path: Assets/AstarPathfindingProject/Core/Serialization/JsonConverters.cs
  artifactKey: Guid(e736879b230a341c59bfcaed0bec3ac3) Importer(815301076,1909f56bfc062723c751e8b465ee728b)
Start importing Assets/AstarPathfindingProject/Core/Serialization/JsonConverters.cs using Guid(e736879b230a341c59bfcaed0bec3ac3) Importer(815301076,1909f56bfc062723c751e8b465ee728b)  -> (artifact id: '23605336277c2294db941158a49b0751') in 0.004468 seconds 
========================================================================
Received Import Request.
  Time since last request: 30.107483 seconds.
  path: Assets/AstarPathfindingProject/Core/Path.cs
  artifactKey: Guid(b179046d83ec84f0c91efc5335f78a30) Importer(815301076,1909f56bfc062723c751e8b465ee728b)
Start importing Assets/AstarPathfindingProject/Core/Path.cs using Guid(b179046d83ec84f0c91efc5335f78a30) Importer(815301076,1909f56bfc062723c751e8b465ee728b)  -> (artifact id: '0af3a4e964082acb0aec7110812f02bf') in 0.001687 seconds 
========================================================================
Received Prepare
Registering precompiled user dll's ...
Registered in 0.002991 seconds.
Begin MonoManager ReloadAssembly
Symbol file LoadedFromMemory doesn't match image E:\Unity Projects\HexGridTuto\Library\PackageCache\com.unity.visualscripting@1.6.1\Editor\VisualScripting.Core\Dependencies\YamlDotNet\Unity.VisualScripting.YamlDotNet.dll
Symbol file LoadedFromMemory doesn't match image E:\Unity Projects\HexGridTuto\Library\PackageCache\com.unity.visualscripting@1.6.1\Editor\VisualScripting.Core\Dependencies\DotNetZip\Unity.VisualScripting.IonicZip.dll
Native extension for WindowsStandalone target not found
Refreshing native plugins compatible for Editor in 0.66 ms, found 2 plugins.
Preloading 0 native plugins for Editor in 0.00 ms.
Mono: successfully reloaded assembly
- Completed reload, in  0.863 seconds
Platform modules already initialized, skipping
Refreshing native plugins compatible for Editor in 0.70 ms, found 2 plugins.
Preloading 0 native plugins for Editor in 0.00 ms.
Unloading 3618 Unused Serialized files (Serialized files now loaded: 0)
System memory in use before: 137.5 MB.
System memory in use after: 137.2 MB.

Unloading 24 unused Assets to reduce memory usage. Loaded Objects now: 4100.
Total: 2.635100 ms (FindLiveObjects: 0.249000 ms CreateObjectMapping: 0.268800 ms MarkObjects: 1.868000 ms  DeleteObjects: 0.248200 ms)

========================================================================
Received Prepare
Registering precompiled user dll's ...
Registered in 0.004501 seconds.
Begin MonoManager ReloadAssembly
Symbol file LoadedFromMemory doesn't match image E:\Unity Projects\HexGridTuto\Library\PackageCache\com.unity.visualscripting@1.6.1\Editor\VisualScripting.Core\Dependencies\YamlDotNet\Unity.VisualScripting.YamlDotNet.dll
Symbol file LoadedFromMemory doesn't match image E:\Unity Projects\HexGridTuto\Library\PackageCache\com.unity.visualscripting@1.6.1\Editor\VisualScripting.Core\Dependencies\DotNetZip\Unity.VisualScripting.IonicZip.dll
Native extension for WindowsStandalone target not found
Refreshing native plugins compatible for Editor in 0.90 ms, found 2 plugins.
Preloading 0 native plugins for Editor in 0.00 ms.
Mono: successfully reloaded assembly
- Completed reload, in  1.143 seconds
Platform modules already initialized, skipping
Refreshing native plugins compatible for Editor in 0.64 ms, found 2 plugins.
Preloading 0 native plugins for Editor in 0.00 ms.
Unloading 3618 Unused Serialized files (Serialized files now loaded: 0)
System memory in use before: 137.5 MB.
System memory in use after: 137.2 MB.

Unloading 24 unused Assets to reduce memory usage. Loaded Objects now: 4104.
Total: 2.595000 ms (FindLiveObjects: 0.248600 ms CreateObjectMapping: 0.168000 ms MarkObjects: 1.945000 ms  DeleteObjects: 0.232600 ms)

AssetImportWorkerClient::OnTransportError - code=2 error=End of file
